[debug] [2022-10-20T23:48:13.087Z] ----------------------------------------------------------------------
[debug] [2022-10-20T23:48:13.089Z] Command:       /usr/local/bin/node /usr/local/bin/firebase emulators:start --only functions
[debug] [2022-10-20T23:48:13.090Z] CLI Version:   11.6.0
[debug] [2022-10-20T23:48:13.090Z] Platform:      darwin
[debug] [2022-10-20T23:48:13.090Z] Node Version:  v16.15.1
[debug] [2022-10-20T23:48:13.092Z] Time:          Fri Oct 21 2022 00:48:13 GMT+0100 (West Africa Standard Time)
[debug] [2022-10-20T23:48:13.092Z] ----------------------------------------------------------------------
[debug] 
[debug] [2022-10-20T23:48:13.206Z] > command requires scopes: ["email","openid","https://www.googleapis.com/auth/cloudplatformprojects.readonly","https://www.googleapis.com/auth/firebase","https://www.googleapis.com/auth/cloud-platform"]
[debug] [2022-10-20T23:48:13.206Z] > authorizing via signed-in user (hformin@gmail.com)
[info] i  emulators: Starting emulators: functions {"metadata":{"emulator":{"name":"hub"},"message":"Starting emulators: functions"}}
[debug] [2022-10-20T23:48:13.249Z] [hub] writing locator at /var/folders/8p/b3px9x3j3pd62w4_dm6j4kf40000gn/T/hub-inpensar-enchird.json
[warn] ⚠  functions: The following emulators are not running, calls to these services from the Functions emulator will affect production: auth, firestore, database, hosting, pubsub, storage, eventarc {"metadata":{"emulator":{"name":"functions"},"message":"The following emulators are not running, calls to these services from the Functions emulator will affect production: \u001b[1mauth, firestore, database, hosting, pubsub, storage, eventarc\u001b[22m"}}
[info] ✔  functions: Using node@16 from host. {"metadata":{"emulator":{"name":"functions"},"message":"Using node@16 from host."}}
[warn] ⚠  functions: Your GOOGLE_APPLICATION_CREDENTIALS environment variable points to /Users/hubertformin/Documents/Keys/inpensar-enchird-firebase-adminsdk.json. Non-emulated services will access production using these credentials. Be careful! {"metadata":{"emulator":{"name":"functions"},"message":"Your GOOGLE_APPLICATION_CREDENTIALS environment variable points to /Users/hubertformin/Documents/Keys/inpensar-enchird-firebase-adminsdk.json. Non-emulated services will access production using these credentials. Be careful!"}}
[debug] [2022-10-20T23:48:13.352Z] >>> [apiv2][query] GET https://firebase.googleapis.com/v1beta1/projects/inpensar-enchird/adminSdkConfig [none]
[debug] [2022-10-20T23:48:14.294Z] <<< [apiv2][status] GET https://firebase.googleapis.com/v1beta1/projects/inpensar-enchird/adminSdkConfig 200
[debug] [2022-10-20T23:48:14.294Z] <<< [apiv2][body] GET https://firebase.googleapis.com/v1beta1/projects/inpensar-enchird/adminSdkConfig {"projectId":"inpensar-enchird","storageBucket":"inpensar-enchird.appspot.com","locationId":"us-central"}
[debug] [2022-10-20T23:48:14.588Z] Ignoring unsupported arg: auto_download {"metadata":{"emulator":{"name":"ui"},"message":"Ignoring unsupported arg: auto_download"}}
[debug] [2022-10-20T23:48:14.588Z] Ignoring unsupported arg: port {"metadata":{"emulator":{"name":"ui"},"message":"Ignoring unsupported arg: port"}}
[debug] [2022-10-20T23:48:14.588Z] Starting Emulator UI with command {"binary":"node","args":["/Users/hubertformin/.cache/firebase/emulators/ui-v1.9.0/server/server.js"],"optionalArgs":[],"joinArgs":false} {"metadata":{"emulator":{"name":"ui"},"message":"Starting Emulator UI with command {\"binary\":\"node\",\"args\":[\"/Users/hubertformin/.cache/firebase/emulators/ui-v1.9.0/server/server.js\"],\"optionalArgs\":[],\"joinArgs\":false}"}}
[info] i  ui: Emulator UI logging to ui-debug.log {"metadata":{"emulator":{"name":"ui"},"message":"Emulator UI logging to \u001b[1mui-debug.log\u001b[22m"}}
[debug] [2022-10-20T23:48:14.757Z] Web / API server started at localhost:4000
 {"metadata":{"emulator":{"name":"ui"},"message":"Web / API server started at localhost:4000\n"}}
[info] i  functions: Watching "/Users/hubertformin/Documents/Projects/inpensar-web/functions" for Cloud Functions... {"metadata":{"emulator":{"name":"functions"},"message":"Watching \"/Users/hubertformin/Documents/Projects/inpensar-web/functions\" for Cloud Functions..."}}
[debug] [2022-10-20T23:48:14.863Z] Validating nodejs source
[debug] [2022-10-20T23:48:18.202Z] > [functions] package.json contents: {
  "name": "functions",
  "scripts": {
    "build": "tsc",
    "build:watch": "tsc --watch",
    "set:env": "export GOOGLE_APPLICATION_CREDENTIALS=\"/Users/hubertformin/Documents/Keys/inpensar-enchird-firebase-adminsdk.json\"",
    "serve": "npm run set:env && npm run build && firebase emulators:start --only functions",
    "shell": "npm run build && firebase functions:shell",
    "start": "npm run shell",
    "deploy": "firebase deploy --only functions",
    "logs": "firebase functions:log"
  },
  "engines": {
    "node": "16"
  },
  "main": "lib/functions/src/index.js",
  "dependencies": {
    "axios": "^1.1.2",
    "cookie-parser": "^1.4.6",
    "cors": "^2.8.5",
    "express": "^4.18.2",
    "firebase-admin": "^10.2.0",
    "firebase-functions": "^4.0.1",
    "mongoose": "^6.6.5",
    "morgan": "^1.10.0",
    "short-unique-id": "^4.4.4",
    "yup": "^0.32.11"
  },
  "devDependencies": {
    "@types/cookie-parser": "^1.4.3",
    "@types/morgan": "^1.9.3",
    "typescript": "^4.6.4"
  },
  "private": true
}
[debug] [2022-10-20T23:48:18.202Z] Building nodejs source
[debug] [2022-10-20T23:48:18.203Z] Analyzing nodejs backend spec
[debug] [2022-10-20T23:48:18.206Z] Could not find functions.yaml. Must use http discovery
[debug] [2022-10-20T23:48:18.429Z] Serving at port 9012

[debug] [2022-10-20T23:48:19.077Z] MongooseError: The `uri` parameter to `openUri()` must be a string, got "undefined". Make sure the first parameter to `mongoose.connect()` or `mongoose.createConnection()` is a string.
    at NativeConnection.Connection.openUri (/Users/hubertformin/Documents/Projects/inpensar-web/functions/node_modules/mongoose/lib/connection.js:694:11)
    at /Users/hubertformin/Documents/Projects/inpensar-web/functions/node_modules/mongoose/lib/index.js:381:10
    at /Users/hubertformin/Documents/Projects/inpensar-web/functions/node_modules/mongoose/lib/helpers/promiseOrCallback.js:41:5
    at new Promise (<anonymous>)
    at promiseOrCallback (/Users/hubertformin/Documents/Projects/inpensar-web/functions/node_modules/mongoose/lib/helpers/promiseOrCallback.js:40:10)
    at Mongoose._promiseOrCallback (/Users/hubertformin/Documents/Projects/inpensar-web/functions/node_modules/mongoose/lib/index.js:1234:10)
    at Mongoose.connect (/Users/hubertformin/Documents/Projects/inpensar-web/functions/node_modules/mongoose/lib/index.js:380:20)
    at Object.<anonymous> (/Users/hubertformin/Documents/Projects/inpensar-web/functions/lib/functions/src/index.js:21:24)
    at Module._compile (node:internal/modules/cjs/loader:1105:14)
    at Object.Module._extensions..js (node:internal/modules/cjs/loader:1159:10)

[debug] [2022-10-20T23:48:19.080Z] Got response from /__/functions.yaml {"endpoints":{"api":{"platform":"gcfv1","availableMemoryMb":null,"timeoutSeconds":null,"minInstances":null,"maxInstances":null,"ingressSettings":null,"serviceAccountEmail":null,"vpc":null,"httpsTrigger":{},"entryPoint":"api"}},"specVersion":"v1alpha1","requiredAPIs":[]}
[debug] [2022-10-20T23:48:19.087Z] shutdown requested via /__/quitquitquit

[info] ✔  functions: Loaded functions definitions from source: api. {"metadata":{"emulator":{"name":"functions"},"message":"Loaded functions definitions from source: api."}}
[info] ✔  functions[us-central1-api]: http function initialized (http://localhost:5001/inpensar-enchird/us-central1/api). {"metadata":{"emulator":{"name":"functions"},"message":"\u001b[1mhttp\u001b[22m function initialized (http://localhost:5001/inpensar-enchird/us-central1/api)."}}
[info] 
┌─────────────────────────────────────────────────────────────┐
│ ✔  All emulators ready! It is now safe to connect your app. │
│ i  View Emulator UI at http://localhost:4000                │
└─────────────────────────────────────────────────────────────┘

┌───────────┬────────────────┬─────────────────────────────────┐
│ Emulator  │ Host:Port      │ View in Emulator UI             │
├───────────┼────────────────┼─────────────────────────────────┤
│ Functions │ localhost:5001 │ http://localhost:4000/functions │
└───────────┴────────────────┴─────────────────────────────────┘
  Emulator Hub running at localhost:4400
  Other reserved ports: 4500

Issues? Report them at https://github.com/firebase/firebase-tools/issues and attach the *-debug.log files.
 
[debug] [2022-10-20T23:48:38.223Z] [work-queue] {"queueLength":1,"workRunningCount":0}
[debug] [2022-10-20T23:48:38.224Z] [work-queue] {"queueLength":0,"workRunningCount":1}
[debug] [2022-10-20T23:48:38.225Z] Accepted request OPTIONS /inpensar-enchird/us-central1/api/users/me --> us-central1-api
[info] i  functions: Loaded environment variables from .env. 
[debug] [2022-10-20T23:48:38.247Z] [worker-pool] addWorker(us-central1-api) {"metadata":{"emulator":{"name":"functions"},"message":"[worker-pool] addWorker(us-central1-api)"}}
[debug] [2022-10-20T23:48:38.247Z] [worker-pool] Adding worker with key us-central1-api, total=1 {"metadata":{"emulator":{"name":"functions"},"message":"[worker-pool] Adding worker with key us-central1-api, total=1"}}
[debug] [2022-10-20T23:48:38.248Z] [worker-pool] submitWork(triggerId=us-central1-api) {"metadata":{"emulator":{"name":"functions"},"message":"[worker-pool] submitWork(triggerId=us-central1-api)"}}
[debug] [2022-10-20T23:48:38.248Z] [worker-us-central1-api-b68c5f22-b7b5-4920-80cf-27cb606f28e7]: BUSY {"metadata":{"emulator":{"name":"functions"},"message":"[worker-us-central1-api-b68c5f22-b7b5-4920-80cf-27cb606f28e7]: BUSY"}}
[debug] [2022-10-20T23:48:39.656Z] [runtime-status] [28447] Resolved module firebase-admin {"declared":true,"installed":true,"version":"10.3.0","resolution":"/Users/hubertformin/Documents/Projects/inpensar-web/functions/node_modules/firebase-admin/lib/index.js"} {"metadata":{"emulator":{"name":"functions"},"function":{"name":"us-central1-api"},"extension":{},"message":"[runtime-status] [28447] Resolved module firebase-admin {\"declared\":true,\"installed\":true,\"version\":\"10.3.0\",\"resolution\":\"/Users/hubertformin/Documents/Projects/inpensar-web/functions/node_modules/firebase-admin/lib/index.js\"}"}}
[debug] [2022-10-20T23:48:39.657Z] [runtime-status] [28447] Resolved module firebase-functions {"declared":true,"installed":true,"version":"4.0.1","resolution":"/Users/hubertformin/Documents/Projects/inpensar-web/functions/node_modules/firebase-functions/lib/v1/index.js"} {"metadata":{"emulator":{"name":"functions"},"function":{"name":"us-central1-api"},"extension":{},"message":"[runtime-status] [28447] Resolved module firebase-functions {\"declared\":true,\"installed\":true,\"version\":\"4.0.1\",\"resolution\":\"/Users/hubertformin/Documents/Projects/inpensar-web/functions/node_modules/firebase-functions/lib/v1/index.js\"}"}}
[debug] [2022-10-20T23:48:39.657Z] [runtime-status] [28447] Outgoing network have been stubbed. [{"name":"http","status":"mocked"},{"name":"http","status":"mocked"},{"name":"https","status":"mocked"},{"name":"https","status":"mocked"},{"name":"net","status":"mocked"}] {"metadata":{"emulator":{"name":"functions"},"function":{"name":"us-central1-api"},"extension":{},"message":"[runtime-status] [28447] Outgoing network have been stubbed. [{\"name\":\"http\",\"status\":\"mocked\"},{\"name\":\"http\",\"status\":\"mocked\"},{\"name\":\"https\",\"status\":\"mocked\"},{\"name\":\"https\",\"status\":\"mocked\"},{\"name\":\"net\",\"status\":\"mocked\"}]"}}
[debug] [2022-10-20T23:48:39.658Z] [runtime-status] [28447] Resolved module firebase-functions {"declared":true,"installed":true,"version":"4.0.1","resolution":"/Users/hubertformin/Documents/Projects/inpensar-web/functions/node_modules/firebase-functions/lib/v1/index.js"} {"metadata":{"emulator":{"name":"functions"},"function":{"name":"us-central1-api"},"extension":{},"message":"[runtime-status] [28447] Resolved module firebase-functions {\"declared\":true,\"installed\":true,\"version\":\"4.0.1\",\"resolution\":\"/Users/hubertformin/Documents/Projects/inpensar-web/functions/node_modules/firebase-functions/lib/v1/index.js\"}"}}
[debug] [2022-10-20T23:48:39.804Z] [runtime-status] [28447] Checked functions.config() {"config":{}} {"metadata":{"emulator":{"name":"functions"},"function":{"name":"us-central1-api"},"extension":{},"message":"[runtime-status] [28447] Checked functions.config() {\"config\":{}}"}}
[debug] [2022-10-20T23:48:39.804Z] [runtime-status] [28447] firebase-functions has been stubbed. {"functionsResolution":{"declared":true,"installed":true,"version":"4.0.1","resolution":"/Users/hubertformin/Documents/Projects/inpensar-web/functions/node_modules/firebase-functions/lib/v1/index.js"}} {"metadata":{"emulator":{"name":"functions"},"function":{"name":"us-central1-api"},"extension":{},"message":"[runtime-status] [28447] firebase-functions has been stubbed. {\"functionsResolution\":{\"declared\":true,\"installed\":true,\"version\":\"4.0.1\",\"resolution\":\"/Users/hubertformin/Documents/Projects/inpensar-web/functions/node_modules/firebase-functions/lib/v1/index.js\"}}"}}
[debug] [2022-10-20T23:48:39.804Z] [runtime-status] [28447] Resolved module firebase-functions {"declared":true,"installed":true,"version":"4.0.1","resolution":"/Users/hubertformin/Documents/Projects/inpensar-web/functions/node_modules/firebase-functions/lib/v1/index.js"} {"metadata":{"emulator":{"name":"functions"},"function":{"name":"us-central1-api"},"extension":{},"message":"[runtime-status] [28447] Resolved module firebase-functions {\"declared\":true,\"installed\":true,\"version\":\"4.0.1\",\"resolution\":\"/Users/hubertformin/Documents/Projects/inpensar-web/functions/node_modules/firebase-functions/lib/v1/index.js\"}"}}
[debug] [2022-10-20T23:48:39.806Z] [runtime-status] [28447] Resolved module firebase-admin {"declared":true,"installed":true,"version":"10.3.0","resolution":"/Users/hubertformin/Documents/Projects/inpensar-web/functions/node_modules/firebase-admin/lib/index.js"} {"metadata":{"emulator":{"name":"functions"},"function":{"name":"us-central1-api"},"extension":{},"message":"[runtime-status] [28447] Resolved module firebase-admin {\"declared\":true,\"installed\":true,\"version\":\"10.3.0\",\"resolution\":\"/Users/hubertformin/Documents/Projects/inpensar-web/functions/node_modules/firebase-admin/lib/index.js\"}"}}
[debug] [2022-10-20T23:48:39.810Z] [runtime-status] [28447] Resolved module firebase-functions {"declared":true,"installed":true,"version":"4.0.1","resolution":"/Users/hubertformin/Documents/Projects/inpensar-web/functions/node_modules/firebase-functions/lib/v1/index.js"} {"metadata":{"emulator":{"name":"functions"},"function":{"name":"us-central1-api"},"extension":{},"message":"[runtime-status] [28447] Resolved module firebase-functions {\"declared\":true,\"installed\":true,\"version\":\"4.0.1\",\"resolution\":\"/Users/hubertformin/Documents/Projects/inpensar-web/functions/node_modules/firebase-functions/lib/v1/index.js\"}"}}
[debug] [2022-10-20T23:48:39.811Z] [runtime-status] [28447] firebase-admin has been stubbed. {"adminResolution":{"declared":true,"installed":true,"version":"10.3.0","resolution":"/Users/hubertformin/Documents/Projects/inpensar-web/functions/node_modules/firebase-admin/lib/index.js"}} {"metadata":{"emulator":{"name":"functions"},"function":{"name":"us-central1-api"},"extension":{},"message":"[runtime-status] [28447] firebase-admin has been stubbed. {\"adminResolution\":{\"declared\":true,\"installed\":true,\"version\":\"10.3.0\",\"resolution\":\"/Users/hubertformin/Documents/Projects/inpensar-web/functions/node_modules/firebase-admin/lib/index.js\"}}"}}
[debug] [2022-10-20T23:48:39.811Z] [runtime-status] [28447] Functions runtime initialized. {"cwd":"/Users/hubertformin/Documents/Projects/inpensar-web/functions","node_version":"16.15.1"} {"metadata":{"emulator":{"name":"functions"},"function":{"name":"us-central1-api"},"extension":{},"message":"[runtime-status] [28447] Functions runtime initialized. {\"cwd\":\"/Users/hubertformin/Documents/Projects/inpensar-web/functions\",\"node_version\":\"16.15.1\"}"}}
[debug] [2022-10-20T23:48:40.251Z] [runtime-status] [28447] Beginning invocation function api! {"metadata":{"emulator":{"name":"functions"},"function":{"name":"us-central1-api"},"extension":{},"message":"[runtime-status] [28447] Beginning invocation function api!"}}
[info] i  functions: Beginning execution of "api" {"metadata":{"emulator":{"name":"functions"},"function":{"name":"us-central1-api"},"extension":{},"message":"Beginning execution of \"api\""}}
[debug] [2022-10-20T23:48:40.251Z] [runtime-status] [28447] Running api in signature http {"metadata":{"emulator":{"name":"functions"},"function":{"name":"us-central1-api"},"extension":{},"message":"[runtime-status] [28447] Running api in signature http"}}
[debug] [2022-10-20T23:48:40.254Z] [runtime-status] [28447] Listening to port: /var/folders/8p/b3px9x3j3pd62w4_dm6j4kf40000gn/T/fire_emu_7f1afcc368c52748.sock {"metadata":{"emulator":{"name":"functions"},"function":{"name":"us-central1-api"},"extension":{},"message":"[runtime-status] [28447] Listening to port: /var/folders/8p/b3px9x3j3pd62w4_dm6j4kf40000gn/T/fire_emu_7f1afcc368c52748.sock"}}
[debug] [2022-10-20T23:48:40.294Z] [functions] Runtime ready! Sending request! {"metadata":{"emulator":{"name":"functions"},"message":"[functions] Runtime ready! Sending request!"}}
[debug] [2022-10-20T23:48:40.295Z] [functions] Got req.url=/inpensar-enchird/us-central1/api/users/me, mapping to path=/users/me {"metadata":{"emulator":{"name":"functions"},"message":"[functions] Got req.url=/inpensar-enchird/us-central1/api/users/me, mapping to path=/users/me"}}
[debug] [2022-10-20T23:48:40.297Z] [runtime-status] [28447] Ephemeral server handling OPTIONS request {"metadata":{"emulator":{"name":"functions"},"function":{"name":"us-central1-api"},"extension":{},"message":"[runtime-status] [28447] Ephemeral server handling OPTIONS request"}}
[debug] [2022-10-20T23:48:40.300Z] [runtime-status] [28447] Ephemeral server survived. {"metadata":{"emulator":{"name":"functions"},"function":{"name":"us-central1-api"},"extension":{},"message":"[runtime-status] [28447] Ephemeral server survived."}}
[info] i  functions: Finished "api" in ~1s {"metadata":{"emulator":{"name":"functions"},"function":{"name":"us-central1-api"},"extension":{},"message":"Finished \"api\" in ~1s"}}
[debug] [2022-10-20T23:48:40.301Z] [worker-us-central1-api-b68c5f22-b7b5-4920-80cf-27cb606f28e7]: IDLE {"metadata":{"emulator":{"name":"functions"},"message":"[worker-us-central1-api-b68c5f22-b7b5-4920-80cf-27cb606f28e7]: IDLE"}}
[debug] [2022-10-20T23:48:40.301Z] [work-queue] {"queueLength":0,"workRunningCount":0}
[debug] [2022-10-20T23:48:40.302Z] [work-queue] {"queueLength":1,"workRunningCount":0}
[debug] [2022-10-20T23:48:40.302Z] [work-queue] {"queueLength":0,"workRunningCount":1}
[debug] [2022-10-20T23:48:40.302Z] Accepted request GET /inpensar-enchird/us-central1/api/users/me --> us-central1-api
[debug] [2022-10-20T23:48:40.302Z] [worker-pool] submitWork(triggerId=us-central1-api) {"metadata":{"emulator":{"name":"functions"},"message":"[worker-pool] submitWork(triggerId=us-central1-api)"}}
[debug] [2022-10-20T23:48:40.302Z] [worker-us-central1-api-b68c5f22-b7b5-4920-80cf-27cb606f28e7]: BUSY {"metadata":{"emulator":{"name":"functions"},"message":"[worker-us-central1-api-b68c5f22-b7b5-4920-80cf-27cb606f28e7]: BUSY"}}
[debug] [2022-10-20T23:48:40.312Z] [runtime-status] [28447] Beginning invocation function api! {"metadata":{"emulator":{"name":"functions"},"function":{"name":"us-central1-api"},"extension":{},"message":"[runtime-status] [28447] Beginning invocation function api!"}}
[info] i  functions: Beginning execution of "api" {"metadata":{"emulator":{"name":"functions"},"function":{"name":"us-central1-api"},"extension":{},"message":"Beginning execution of \"api\""}}
[debug] [2022-10-20T23:48:40.313Z] [runtime-status] [28447] Running api in signature http {"metadata":{"emulator":{"name":"functions"},"function":{"name":"us-central1-api"},"extension":{},"message":"[runtime-status] [28447] Running api in signature http"}}
[debug] [2022-10-20T23:48:40.313Z] [runtime-status] [28447] Listening to port: /var/folders/8p/b3px9x3j3pd62w4_dm6j4kf40000gn/T/fire_emu_7f1afcc368c52748.sock {"metadata":{"emulator":{"name":"functions"},"function":{"name":"us-central1-api"},"extension":{},"message":"[runtime-status] [28447] Listening to port: /var/folders/8p/b3px9x3j3pd62w4_dm6j4kf40000gn/T/fire_emu_7f1afcc368c52748.sock"}}
[debug] [2022-10-20T23:48:40.409Z] [functions] Runtime ready! Sending request! {"metadata":{"emulator":{"name":"functions"},"message":"[functions] Runtime ready! Sending request!"}}
[debug] [2022-10-20T23:48:40.409Z] [functions] Got req.url=/inpensar-enchird/us-central1/api/users/me, mapping to path=/users/me {"metadata":{"emulator":{"name":"functions"},"message":"[functions] Got req.url=/inpensar-enchird/us-central1/api/users/me, mapping to path=/users/me"}}
[debug] [2022-10-20T23:48:40.411Z] [runtime-status] [28447] Ephemeral server handling GET request {"metadata":{"emulator":{"name":"functions"},"function":{"name":"us-central1-api"},"extension":{},"message":"[runtime-status] [28447] Ephemeral server handling GET request"}}
[info] >  Bearer eyJhbGciOiJSUzI1NiIsImtpZCI6IjVkMzQwZGRiYzNjNWJhY2M0Y2VlMWZiOWQxNmU5ODM3ZWM2MTYzZWIiLCJ0eXAiOiJKV1QifQ.eyJuYW1lIjoiSHViZXJ0IEZvcm1pbiIsImlzcyI6Imh0dHBzOi8vc2VjdXJldG9rZW4uZ29vZ2xlLmNvbS9pbnBlbnNhci1lbmNoaXJkIiwiYXVkIjoiaW5wZW5zYXItZW5jaGlyZCIsImF1dGhfdGltZSI6MTY2NjMwNzQ5MiwidXNlcl9pZCI6IjNpNFJXNnRrODNQc3JvY2R1UFRKU3FjUjB5dDEiLCJzdWIiOiIzaTRSVzZ0azgzUHNyb2NkdVBUSlNxY1IweXQxIiwiaWF0IjoxNjY2MzA3NDkyLCJleHAiOjE2NjYzMTEwOTIsImVtYWlsIjoiaGZvcm1pbkBnbWFpbC5jb20iLCJlbWFpbF92ZXJpZmllZCI6ZmFsc2UsImZpcmViYXNlIjp7ImlkZW50aXRpZXMiOnsiZW1haWwiOlsiaGZvcm1pbkBnbWFpbC5jb20iXX0sInNpZ25faW5fcHJvdmlkZXIiOiJjdXN0b20ifX0.CeRmxovBtDF1TF-c8L0o3yS793jXyKp6pPymYwf8zEQ2c-BWUUCz0Na_PnB_phrhP-lAjitNdfz9DRPAEC3AxwY2IGPstmZ32Hi3T6wTIDvd7IM5gjiLGUcaN0hsUdSVupcadG7h_EkbTOos9sVKUK4Px4uYkKVsAPYpMQGqXx8ssB-1xnYjnusMYy33oe8jA_bouz5nSPNdKqCwdFM6VunJd_xXehGgpDOOTsHngabdF0pk6sQSNE9joflDNWytx8NSHX-geOEXLdqpZFb0pUM2UJAf1wAcFnivvxe1s7pDn00PM8NJAAoF88t5d1KfgZ103S58cVvqTnuJP_LHkA {"user":"Bearer eyJhbGciOiJSUzI1NiIsImtpZCI6IjVkMzQwZGRiYzNjNWJhY2M0Y2VlMWZiOWQxNmU5ODM3ZWM2MTYzZWIiLCJ0eXAiOiJKV1QifQ.eyJuYW1lIjoiSHViZXJ0IEZvcm1pbiIsImlzcyI6Imh0dHBzOi8vc2VjdXJldG9rZW4uZ29vZ2xlLmNvbS9pbnBlbnNhci1lbmNoaXJkIiwiYXVkIjoiaW5wZW5zYXItZW5jaGlyZCIsImF1dGhfdGltZSI6MTY2NjMwNzQ5MiwidXNlcl9pZCI6IjNpNFJXNnRrODNQc3JvY2R1UFRKU3FjUjB5dDEiLCJzdWIiOiIzaTRSVzZ0azgzUHNyb2NkdVBUSlNxY1IweXQxIiwiaWF0IjoxNjY2MzA3NDkyLCJleHAiOjE2NjYzMTEwOTIsImVtYWlsIjoiaGZvcm1pbkBnbWFpbC5jb20iLCJlbWFpbF92ZXJpZmllZCI6ZmFsc2UsImZpcmViYXNlIjp7ImlkZW50aXRpZXMiOnsiZW1haWwiOlsiaGZvcm1pbkBnbWFpbC5jb20iXX0sInNpZ25faW5fcHJvdmlkZXIiOiJjdXN0b20ifX0.CeRmxovBtDF1TF-c8L0o3yS793jXyKp6pPymYwf8zEQ2c-BWUUCz0Na_PnB_phrhP-lAjitNdfz9DRPAEC3AxwY2IGPstmZ32Hi3T6wTIDvd7IM5gjiLGUcaN0hsUdSVupcadG7h_EkbTOos9sVKUK4Px4uYkKVsAPYpMQGqXx8ssB-1xnYjnusMYy33oe8jA_bouz5nSPNdKqCwdFM6VunJd_xXehGgpDOOTsHngabdF0pk6sQSNE9joflDNWytx8NSHX-geOEXLdqpZFb0pUM2UJAf1wAcFnivvxe1s7pDn00PM8NJAAoF88t5d1KfgZ103S58cVvqTnuJP_LHkA","metadata":{"emulator":{"name":"functions"},"function":{"name":"us-central1-api"},"extension":{},"message":"\u001b[90m> \u001b[39m Bearer eyJhbGciOiJSUzI1NiIsImtpZCI6IjVkMzQwZGRiYzNjNWJhY2M0Y2VlMWZiOWQxNmU5ODM3ZWM2MTYzZWIiLCJ0eXAiOiJKV1QifQ.eyJuYW1lIjoiSHViZXJ0IEZvcm1pbiIsImlzcyI6Imh0dHBzOi8vc2VjdXJldG9rZW4uZ29vZ2xlLmNvbS9pbnBlbnNhci1lbmNoaXJkIiwiYXVkIjoiaW5wZW5zYXItZW5jaGlyZCIsImF1dGhfdGltZSI6MTY2NjMwNzQ5MiwidXNlcl9pZCI6IjNpNFJXNnRrODNQc3JvY2R1UFRKU3FjUjB5dDEiLCJzdWIiOiIzaTRSVzZ0azgzUHNyb2NkdVBUSlNxY1IweXQxIiwiaWF0IjoxNjY2MzA3NDkyLCJleHAiOjE2NjYzMTEwOTIsImVtYWlsIjoiaGZvcm1pbkBnbWFpbC5jb20iLCJlbWFpbF92ZXJpZmllZCI6ZmFsc2UsImZpcmViYXNlIjp7ImlkZW50aXRpZXMiOnsiZW1haWwiOlsiaGZvcm1pbkBnbWFpbC5jb20iXX0sInNpZ25faW5fcHJvdmlkZXIiOiJjdXN0b20ifX0.CeRmxovBtDF1TF-c8L0o3yS793jXyKp6pPymYwf8zEQ2c-BWUUCz0Na_PnB_phrhP-lAjitNdfz9DRPAEC3AxwY2IGPstmZ32Hi3T6wTIDvd7IM5gjiLGUcaN0hsUdSVupcadG7h_EkbTOos9sVKUK4Px4uYkKVsAPYpMQGqXx8ssB-1xnYjnusMYy33oe8jA_bouz5nSPNdKqCwdFM6VunJd_xXehGgpDOOTsHngabdF0pk6sQSNE9joflDNWytx8NSHX-geOEXLdqpZFb0pUM2UJAf1wAcFnivvxe1s7pDn00PM8NJAAoF88t5d1KfgZ103S58cVvqTnuJP_LHkA"}}
[debug] [2022-10-20T23:48:40.416Z] [runtime-status] [28447] Ephemeral server survived. {"metadata":{"emulator":{"name":"functions"},"function":{"name":"us-central1-api"},"extension":{},"message":"[runtime-status] [28447] Ephemeral server survived."}}
[info] >  [SERVER]: connected to database! {"user":"[SERVER]: connected to database!","metadata":{"emulator":{"name":"functions"},"function":{"name":"us-central1-api"},"extension":{},"message":"\u001b[90m> \u001b[39m [SERVER]: connected to database!"}}
[info] >  GET /users/me 304 6400.308 ms - - {"user":"\u001b[0mGET /users/me \u001b[36m304\u001b[0m 6400.308 ms - -\u001b[0m","metadata":{"emulator":{"name":"functions"},"function":{"name":"us-central1-api"},"extension":{},"message":"\u001b[90m> \u001b[39m \u001b[0mGET /users/me \u001b[36m304\u001b[0m 6400.308 ms - -\u001b[0m"}}
[info] i  functions: Finished "api" in ~6s {"metadata":{"emulator":{"name":"functions"},"function":{"name":"us-central1-api"},"extension":{},"message":"Finished \"api\" in ~6s"}}
[debug] [2022-10-20T23:48:46.814Z] [worker-us-central1-api-b68c5f22-b7b5-4920-80cf-27cb606f28e7]: IDLE {"metadata":{"emulator":{"name":"functions"},"message":"[worker-us-central1-api-b68c5f22-b7b5-4920-80cf-27cb606f28e7]: IDLE"}}
[debug] [2022-10-20T23:48:46.815Z] [work-queue] {"queueLength":0,"workRunningCount":0}
[debug] [2022-10-20T23:48:46.867Z] [work-queue] {"queueLength":1,"workRunningCount":0}
[debug] [2022-10-20T23:48:46.868Z] [work-queue] {"queueLength":0,"workRunningCount":1}
[debug] [2022-10-20T23:48:46.868Z] Accepted request GET /inpensar-enchird/us-central1/api/projects/undefined --> us-central1-api
[debug] [2022-10-20T23:48:46.868Z] [worker-pool] submitWork(triggerId=us-central1-api) {"metadata":{"emulator":{"name":"functions"},"message":"[worker-pool] submitWork(triggerId=us-central1-api)"}}
[debug] [2022-10-20T23:48:46.868Z] [worker-us-central1-api-b68c5f22-b7b5-4920-80cf-27cb606f28e7]: BUSY {"metadata":{"emulator":{"name":"functions"},"message":"[worker-us-central1-api-b68c5f22-b7b5-4920-80cf-27cb606f28e7]: BUSY"}}
[debug] [2022-10-20T23:48:46.870Z] [runtime-status] [28447] Beginning invocation function api! {"metadata":{"emulator":{"name":"functions"},"function":{"name":"us-central1-api"},"extension":{},"message":"[runtime-status] [28447] Beginning invocation function api!"}}
[info] i  functions: Beginning execution of "api" {"metadata":{"emulator":{"name":"functions"},"function":{"name":"us-central1-api"},"extension":{},"message":"Beginning execution of \"api\""}}
[debug] [2022-10-20T23:48:46.870Z] [runtime-status] [28447] Running api in signature http {"metadata":{"emulator":{"name":"functions"},"function":{"name":"us-central1-api"},"extension":{},"message":"[runtime-status] [28447] Running api in signature http"}}
[debug] [2022-10-20T23:48:46.870Z] [runtime-status] [28447] Listening to port: /var/folders/8p/b3px9x3j3pd62w4_dm6j4kf40000gn/T/fire_emu_7f1afcc368c52748.sock {"metadata":{"emulator":{"name":"functions"},"function":{"name":"us-central1-api"},"extension":{},"message":"[runtime-status] [28447] Listening to port: /var/folders/8p/b3px9x3j3pd62w4_dm6j4kf40000gn/T/fire_emu_7f1afcc368c52748.sock"}}
[debug] [2022-10-20T23:48:46.973Z] [functions] Runtime ready! Sending request! {"metadata":{"emulator":{"name":"functions"},"message":"[functions] Runtime ready! Sending request!"}}
[debug] [2022-10-20T23:48:46.974Z] [functions] Got req.url=/inpensar-enchird/us-central1/api/projects/undefined, mapping to path=/projects/undefined {"metadata":{"emulator":{"name":"functions"},"message":"[functions] Got req.url=/inpensar-enchird/us-central1/api/projects/undefined, mapping to path=/projects/undefined"}}
[debug] [2022-10-20T23:48:46.975Z] [runtime-status] [28447] Ephemeral server handling GET request {"metadata":{"emulator":{"name":"functions"},"function":{"name":"us-central1-api"},"extension":{},"message":"[runtime-status] [28447] Ephemeral server handling GET request"}}
[info] >  undefined {"user":"undefined","metadata":{"emulator":{"name":"functions"},"function":{"name":"us-central1-api"},"extension":{},"message":"\u001b[90m> \u001b[39m undefined"}}
[info] >  GET /projects/undefined 401 0.916 ms - 111 {"user":"\u001b[0mGET /projects/undefined \u001b[33m401\u001b[0m 0.916 ms - 111\u001b[0m","metadata":{"emulator":{"name":"functions"},"function":{"name":"us-central1-api"},"extension":{},"message":"\u001b[90m> \u001b[39m \u001b[0mGET /projects/undefined \u001b[33m401\u001b[0m 0.916 ms - 111\u001b[0m"}}
[debug] [2022-10-20T23:48:46.978Z] [runtime-status] [28447] Ephemeral server survived. {"metadata":{"emulator":{"name":"functions"},"function":{"name":"us-central1-api"},"extension":{},"message":"[runtime-status] [28447] Ephemeral server survived."}}
[info] i  functions: Finished "api" in ~1s {"metadata":{"emulator":{"name":"functions"},"function":{"name":"us-central1-api"},"extension":{},"message":"Finished \"api\" in ~1s"}}
[debug] [2022-10-20T23:48:46.979Z] [worker-us-central1-api-b68c5f22-b7b5-4920-80cf-27cb606f28e7]: IDLE {"metadata":{"emulator":{"name":"functions"},"message":"[worker-us-central1-api-b68c5f22-b7b5-4920-80cf-27cb606f28e7]: IDLE"}}
[debug] [2022-10-20T23:48:46.979Z] [work-queue] {"queueLength":0,"workRunningCount":0}
[debug] [2022-10-20T23:50:00.683Z] [work-queue] {"queueLength":1,"workRunningCount":0}
[debug] [2022-10-20T23:50:00.683Z] [work-queue] {"queueLength":0,"workRunningCount":1}
[debug] [2022-10-20T23:50:00.683Z] Accepted request OPTIONS /inpensar-enchird/us-central1/api/projects/pj_VBQ2gec8uboUgzfZAJs6XcIr --> us-central1-api
[debug] [2022-10-20T23:50:00.684Z] [worker-pool] submitWork(triggerId=us-central1-api) {"metadata":{"emulator":{"name":"functions"},"message":"[worker-pool] submitWork(triggerId=us-central1-api)"}}
[debug] [2022-10-20T23:50:00.684Z] [worker-us-central1-api-b68c5f22-b7b5-4920-80cf-27cb606f28e7]: BUSY {"metadata":{"emulator":{"name":"functions"},"message":"[worker-us-central1-api-b68c5f22-b7b5-4920-80cf-27cb606f28e7]: BUSY"}}
[debug] [2022-10-20T23:50:00.686Z] [runtime-status] [28447] Beginning invocation function api! {"metadata":{"emulator":{"name":"functions"},"function":{"name":"us-central1-api"},"extension":{},"message":"[runtime-status] [28447] Beginning invocation function api!"}}
[info] i  functions: Beginning execution of "api" {"metadata":{"emulator":{"name":"functions"},"function":{"name":"us-central1-api"},"extension":{},"message":"Beginning execution of \"api\""}}
[debug] [2022-10-20T23:50:00.686Z] [runtime-status] [28447] Running api in signature http {"metadata":{"emulator":{"name":"functions"},"function":{"name":"us-central1-api"},"extension":{},"message":"[runtime-status] [28447] Running api in signature http"}}
[debug] [2022-10-20T23:50:00.687Z] [runtime-status] [28447] Listening to port: /var/folders/8p/b3px9x3j3pd62w4_dm6j4kf40000gn/T/fire_emu_7f1afcc368c52748.sock {"metadata":{"emulator":{"name":"functions"},"function":{"name":"us-central1-api"},"extension":{},"message":"[runtime-status] [28447] Listening to port: /var/folders/8p/b3px9x3j3pd62w4_dm6j4kf40000gn/T/fire_emu_7f1afcc368c52748.sock"}}
[debug] [2022-10-20T23:50:00.793Z] [functions] Runtime ready! Sending request! {"metadata":{"emulator":{"name":"functions"},"message":"[functions] Runtime ready! Sending request!"}}
[debug] [2022-10-20T23:50:00.794Z] [functions] Got req.url=/inpensar-enchird/us-central1/api/projects/pj_VBQ2gec8uboUgzfZAJs6XcIr, mapping to path=/projects/pj_VBQ2gec8uboUgzfZAJs6XcIr {"metadata":{"emulator":{"name":"functions"},"message":"[functions] Got req.url=/inpensar-enchird/us-central1/api/projects/pj_VBQ2gec8uboUgzfZAJs6XcIr, mapping to path=/projects/pj_VBQ2gec8uboUgzfZAJs6XcIr"}}
[debug] [2022-10-20T23:50:00.796Z] [runtime-status] [28447] Ephemeral server handling OPTIONS request {"metadata":{"emulator":{"name":"functions"},"function":{"name":"us-central1-api"},"extension":{},"message":"[runtime-status] [28447] Ephemeral server handling OPTIONS request"}}
[debug] [2022-10-20T23:50:00.798Z] [runtime-status] [28447] Ephemeral server survived. {"metadata":{"emulator":{"name":"functions"},"function":{"name":"us-central1-api"},"extension":{},"message":"[runtime-status] [28447] Ephemeral server survived."}}
[info] i  functions: Finished "api" in ~1s {"metadata":{"emulator":{"name":"functions"},"function":{"name":"us-central1-api"},"extension":{},"message":"Finished \"api\" in ~1s"}}
[debug] [2022-10-20T23:50:00.802Z] [worker-us-central1-api-b68c5f22-b7b5-4920-80cf-27cb606f28e7]: IDLE {"metadata":{"emulator":{"name":"functions"},"message":"[worker-us-central1-api-b68c5f22-b7b5-4920-80cf-27cb606f28e7]: IDLE"}}
[debug] [2022-10-20T23:50:00.802Z] [work-queue] {"queueLength":0,"workRunningCount":0}
[debug] [2022-10-20T23:50:00.803Z] [work-queue] {"queueLength":1,"workRunningCount":0}
[debug] [2022-10-20T23:50:00.803Z] [work-queue] {"queueLength":0,"workRunningCount":1}
[debug] [2022-10-20T23:50:00.803Z] Accepted request GET /inpensar-enchird/us-central1/api/projects/pj_VBQ2gec8uboUgzfZAJs6XcIr --> us-central1-api
[debug] [2022-10-20T23:50:00.805Z] [worker-pool] submitWork(triggerId=us-central1-api) {"metadata":{"emulator":{"name":"functions"},"message":"[worker-pool] submitWork(triggerId=us-central1-api)"}}
[debug] [2022-10-20T23:50:00.805Z] [worker-us-central1-api-b68c5f22-b7b5-4920-80cf-27cb606f28e7]: BUSY {"metadata":{"emulator":{"name":"functions"},"message":"[worker-us-central1-api-b68c5f22-b7b5-4920-80cf-27cb606f28e7]: BUSY"}}
[debug] [2022-10-20T23:50:00.811Z] [runtime-status] [28447] Beginning invocation function api! {"metadata":{"emulator":{"name":"functions"},"function":{"name":"us-central1-api"},"extension":{},"message":"[runtime-status] [28447] Beginning invocation function api!"}}
[info] i  functions: Beginning execution of "api" {"metadata":{"emulator":{"name":"functions"},"function":{"name":"us-central1-api"},"extension":{},"message":"Beginning execution of \"api\""}}
[debug] [2022-10-20T23:50:00.812Z] [runtime-status] [28447] Running api in signature http {"metadata":{"emulator":{"name":"functions"},"function":{"name":"us-central1-api"},"extension":{},"message":"[runtime-status] [28447] Running api in signature http"}}
[debug] [2022-10-20T23:50:00.815Z] [runtime-status] [28447] Listening to port: /var/folders/8p/b3px9x3j3pd62w4_dm6j4kf40000gn/T/fire_emu_7f1afcc368c52748.sock {"metadata":{"emulator":{"name":"functions"},"function":{"name":"us-central1-api"},"extension":{},"message":"[runtime-status] [28447] Listening to port: /var/folders/8p/b3px9x3j3pd62w4_dm6j4kf40000gn/T/fire_emu_7f1afcc368c52748.sock"}}
[debug] [2022-10-20T23:50:00.918Z] [functions] Runtime ready! Sending request! {"metadata":{"emulator":{"name":"functions"},"message":"[functions] Runtime ready! Sending request!"}}
[debug] [2022-10-20T23:50:00.919Z] [functions] Got req.url=/inpensar-enchird/us-central1/api/projects/pj_VBQ2gec8uboUgzfZAJs6XcIr, mapping to path=/projects/pj_VBQ2gec8uboUgzfZAJs6XcIr {"metadata":{"emulator":{"name":"functions"},"message":"[functions] Got req.url=/inpensar-enchird/us-central1/api/projects/pj_VBQ2gec8uboUgzfZAJs6XcIr, mapping to path=/projects/pj_VBQ2gec8uboUgzfZAJs6XcIr"}}
[debug] [2022-10-20T23:50:00.922Z] [runtime-status] [28447] Ephemeral server handling GET request {"metadata":{"emulator":{"name":"functions"},"function":{"name":"us-central1-api"},"extension":{},"message":"[runtime-status] [28447] Ephemeral server handling GET request"}}
[info] >  Bearer eyJhbGciOiJSUzI1NiIsImtpZCI6IjVkMzQwZGRiYzNjNWJhY2M0Y2VlMWZiOWQxNmU5ODM3ZWM2MTYzZWIiLCJ0eXAiOiJKV1QifQ.eyJuYW1lIjoiSHViZXJ0IEZvcm1pbiIsImlzcyI6Imh0dHBzOi8vc2VjdXJldG9rZW4uZ29vZ2xlLmNvbS9pbnBlbnNhci1lbmNoaXJkIiwiYXVkIjoiaW5wZW5zYXItZW5jaGlyZCIsImF1dGhfdGltZSI6MTY2NjMwNzQ5MiwidXNlcl9pZCI6IjNpNFJXNnRrODNQc3JvY2R1UFRKU3FjUjB5dDEiLCJzdWIiOiIzaTRSVzZ0azgzUHNyb2NkdVBUSlNxY1IweXQxIiwiaWF0IjoxNjY2MzA3NDkyLCJleHAiOjE2NjYzMTEwOTIsImVtYWlsIjoiaGZvcm1pbkBnbWFpbC5jb20iLCJlbWFpbF92ZXJpZmllZCI6ZmFsc2UsImZpcmViYXNlIjp7ImlkZW50aXRpZXMiOnsiZW1haWwiOlsiaGZvcm1pbkBnbWFpbC5jb20iXX0sInNpZ25faW5fcHJvdmlkZXIiOiJjdXN0b20ifX0.CeRmxovBtDF1TF-c8L0o3yS793jXyKp6pPymYwf8zEQ2c-BWUUCz0Na_PnB_phrhP-lAjitNdfz9DRPAEC3AxwY2IGPstmZ32Hi3T6wTIDvd7IM5gjiLGUcaN0hsUdSVupcadG7h_EkbTOos9sVKUK4Px4uYkKVsAPYpMQGqXx8ssB-1xnYjnusMYy33oe8jA_bouz5nSPNdKqCwdFM6VunJd_xXehGgpDOOTsHngabdF0pk6sQSNE9joflDNWytx8NSHX-geOEXLdqpZFb0pUM2UJAf1wAcFnivvxe1s7pDn00PM8NJAAoF88t5d1KfgZ103S58cVvqTnuJP_LHkA {"user":"Bearer eyJhbGciOiJSUzI1NiIsImtpZCI6IjVkMzQwZGRiYzNjNWJhY2M0Y2VlMWZiOWQxNmU5ODM3ZWM2MTYzZWIiLCJ0eXAiOiJKV1QifQ.eyJuYW1lIjoiSHViZXJ0IEZvcm1pbiIsImlzcyI6Imh0dHBzOi8vc2VjdXJldG9rZW4uZ29vZ2xlLmNvbS9pbnBlbnNhci1lbmNoaXJkIiwiYXVkIjoiaW5wZW5zYXItZW5jaGlyZCIsImF1dGhfdGltZSI6MTY2NjMwNzQ5MiwidXNlcl9pZCI6IjNpNFJXNnRrODNQc3JvY2R1UFRKU3FjUjB5dDEiLCJzdWIiOiIzaTRSVzZ0azgzUHNyb2NkdVBUSlNxY1IweXQxIiwiaWF0IjoxNjY2MzA3NDkyLCJleHAiOjE2NjYzMTEwOTIsImVtYWlsIjoiaGZvcm1pbkBnbWFpbC5jb20iLCJlbWFpbF92ZXJpZmllZCI6ZmFsc2UsImZpcmViYXNlIjp7ImlkZW50aXRpZXMiOnsiZW1haWwiOlsiaGZvcm1pbkBnbWFpbC5jb20iXX0sInNpZ25faW5fcHJvdmlkZXIiOiJjdXN0b20ifX0.CeRmxovBtDF1TF-c8L0o3yS793jXyKp6pPymYwf8zEQ2c-BWUUCz0Na_PnB_phrhP-lAjitNdfz9DRPAEC3AxwY2IGPstmZ32Hi3T6wTIDvd7IM5gjiLGUcaN0hsUdSVupcadG7h_EkbTOos9sVKUK4Px4uYkKVsAPYpMQGqXx8ssB-1xnYjnusMYy33oe8jA_bouz5nSPNdKqCwdFM6VunJd_xXehGgpDOOTsHngabdF0pk6sQSNE9joflDNWytx8NSHX-geOEXLdqpZFb0pUM2UJAf1wAcFnivvxe1s7pDn00PM8NJAAoF88t5d1KfgZ103S58cVvqTnuJP_LHkA","metadata":{"emulator":{"name":"functions"},"function":{"name":"us-central1-api"},"extension":{},"message":"\u001b[90m> \u001b[39m Bearer eyJhbGciOiJSUzI1NiIsImtpZCI6IjVkMzQwZGRiYzNjNWJhY2M0Y2VlMWZiOWQxNmU5ODM3ZWM2MTYzZWIiLCJ0eXAiOiJKV1QifQ.eyJuYW1lIjoiSHViZXJ0IEZvcm1pbiIsImlzcyI6Imh0dHBzOi8vc2VjdXJldG9rZW4uZ29vZ2xlLmNvbS9pbnBlbnNhci1lbmNoaXJkIiwiYXVkIjoiaW5wZW5zYXItZW5jaGlyZCIsImF1dGhfdGltZSI6MTY2NjMwNzQ5MiwidXNlcl9pZCI6IjNpNFJXNnRrODNQc3JvY2R1UFRKU3FjUjB5dDEiLCJzdWIiOiIzaTRSVzZ0azgzUHNyb2NkdVBUSlNxY1IweXQxIiwiaWF0IjoxNjY2MzA3NDkyLCJleHAiOjE2NjYzMTEwOTIsImVtYWlsIjoiaGZvcm1pbkBnbWFpbC5jb20iLCJlbWFpbF92ZXJpZmllZCI6ZmFsc2UsImZpcmViYXNlIjp7ImlkZW50aXRpZXMiOnsiZW1haWwiOlsiaGZvcm1pbkBnbWFpbC5jb20iXX0sInNpZ25faW5fcHJvdmlkZXIiOiJjdXN0b20ifX0.CeRmxovBtDF1TF-c8L0o3yS793jXyKp6pPymYwf8zEQ2c-BWUUCz0Na_PnB_phrhP-lAjitNdfz9DRPAEC3AxwY2IGPstmZ32Hi3T6wTIDvd7IM5gjiLGUcaN0hsUdSVupcadG7h_EkbTOos9sVKUK4Px4uYkKVsAPYpMQGqXx8ssB-1xnYjnusMYy33oe8jA_bouz5nSPNdKqCwdFM6VunJd_xXehGgpDOOTsHngabdF0pk6sQSNE9joflDNWytx8NSHX-geOEXLdqpZFb0pUM2UJAf1wAcFnivvxe1s7pDn00PM8NJAAoF88t5d1KfgZ103S58cVvqTnuJP_LHkA"}}
[debug] [2022-10-20T23:50:00.926Z] [runtime-status] [28447] Ephemeral server survived. {"metadata":{"emulator":{"name":"functions"},"function":{"name":"us-central1-api"},"extension":{},"message":"[runtime-status] [28447] Ephemeral server survived."}}
[info] >  GET /projects/pj_VBQ2gec8uboUgzfZAJs6XcIr 200 613.490 ms - 250 {"user":"\u001b[0mGET /projects/pj_VBQ2gec8uboUgzfZAJs6XcIr \u001b[32m200\u001b[0m 613.490 ms - 250\u001b[0m","metadata":{"emulator":{"name":"functions"},"function":{"name":"us-central1-api"},"extension":{},"message":"\u001b[90m> \u001b[39m \u001b[0mGET /projects/pj_VBQ2gec8uboUgzfZAJs6XcIr \u001b[32m200\u001b[0m 613.490 ms - 250\u001b[0m"}}
[info] i  functions: Finished "api" in ~1s {"metadata":{"emulator":{"name":"functions"},"function":{"name":"us-central1-api"},"extension":{},"message":"Finished \"api\" in ~1s"}}
[debug] [2022-10-20T23:50:01.538Z] [worker-us-central1-api-b68c5f22-b7b5-4920-80cf-27cb606f28e7]: IDLE {"metadata":{"emulator":{"name":"functions"},"message":"[worker-us-central1-api-b68c5f22-b7b5-4920-80cf-27cb606f28e7]: IDLE"}}
[debug] [2022-10-20T23:50:01.538Z] [work-queue] {"queueLength":0,"workRunningCount":0}
